# JRE version: Java(TM) SE Runtime Environment (8.0_60-b27) (build 1.8.0_60-b27)
# Java VM: Java HotSpot(TM) 64-Bit Server VM (25.60-b23 mixed mode linux-amd64 compressed oops)
Heap:
 PSYoungGen      total 229888K, used 608K [0x00000000f0000000, 0x0000000100000000, 0x0000000100000000)
  eden space 198144K, 0% used [0x00000000f0000000,0x00000000f0000000,0x00000000fc180000)
  from space 31744K, 1% used [0x00000000fc180000,0x00000000fc218000,0x00000000fe080000)
  to   space 30720K, 0% used [0x00000000fe200000,0x00000000fe200000,0x0000000100000000)
 ParOldGen       total 476160K, used 279722K [0x00000000d0000000, 0x00000000ed100000, 0x00000000f0000000)
  object space 476160K, 58% used [0x00000000d0000000,0x00000000e112abb0,0x00000000ed100000)
 Metaspace       used 175005K, capacity 191276K, committed 196116K, reserved 1220608K
  class space    used 20013K, capacity 24676K, committed 25660K, reserved 1048576K
GC Heap History (10 events):
Event: 5318.588 GC heap after
Heap after GC invocations=604 (full 105):
 PSYoungGen      total 229376K, used 64K [0x00000000f0000000, 0x0000000100000000, 0x0000000100000000)
  eden space 196608K, 0% used [0x00000000f0000000,0x00000000f0000000,0x00000000fc000000)
  from space 32768K, 0% used [0x00000000fc000000,0x00000000fc010000,0x00000000fe000000)
  to   space 32256K, 0% used [0x00000000fe080000,0x00000000fe080000,0x0000000100000000)
 ParOldGen       total 476160K, used 281294K [0x00000000d0000000, 0x00000000ed100000, 0x00000000f0000000)
  object space 476160K, 59% used [0x00000000d0000000,0x00000000e12b3930,0x00000000ed100000)
 Metaspace       used 175019K, capacity 191306K, committed 196116K, reserved 1220608K
  class space    used 20015K, capacity 24681K, committed 25660K, reserved 1048576K
}
Event: 5318.588 GC heap before
{Heap before GC invocations=605 (full 106):
 PSYoungGen      total 229376K, used 64K [0x00000000f0000000, 0x0000000100000000, 0x0000000100000000)
  eden space 196608K, 0% used [0x00000000f0000000,0x00000000f0000000,0x00000000fc000000)
  from space 32768K, 0% used [0x00000000fc000000,0x00000000fc010000,0x00000000fe000000)
  to   space 32256K, 0% used [0x00000000fe080000,0x00000000fe080000,0x0000000100000000)
 ParOldGen       total 476160K, used 281294K [0x00000000d0000000, 0x00000000ed100000, 0x00000000f0000000)
  object space 476160K, 59% used [0x00000000d0000000,0x00000000e12b3930,0x00000000ed100000)
 Metaspace       used 175019K, capacity 191306K, committed 196116K, reserved 1220608K
  class space    used 20015K, capacity 24681K, committed 25660K, reserved 1048576K
Event: 5318.974 GC heap after
Heap after GC invocations=605 (full 106):
 PSYoungGen      total 229376K, used 0K [0x00000000f0000000, 0x0000000100000000, 0x0000000100000000)
  eden space 196608K, 0% used [0x00000000f0000000,0x00000000f0000000,0x00000000fc000000)
  from space 32768K, 0% used [0x00000000fc000000,0x00000000fc000000,0x00000000fe000000)
  to   space 32256K, 0% used [0x00000000fe080000,0x00000000fe080000,0x0000000100000000)
 ParOldGen       total 476160K, used 280281K [0x00000000d0000000, 0x00000000ed100000, 0x00000000f0000000)
  object space 476160K, 58% used [0x00000000d0000000,0x00000000e11b6760,0x00000000ed100000)
 Metaspace       used 175019K, capacity 191306K, committed 196116K, reserved 1220608K
  class space    used 20015K, capacity 24681K, committed 25660K, reserved 1048576K
}
Event: 5378.578 GC heap before
{Heap before GC invocations=606 (full 106):
 PSYoungGen      total 229376K, used 1244K [0x00000000f0000000, 0x0000000100000000, 0x0000000100000000)
  eden space 196608K, 0% used [0x00000000f0000000,0x00000000f0137080,0x00000000fc000000)
  from space 32768K, 0% used [0x00000000fc000000,0x00000000fc000000,0x00000000fe000000)
  to   space 32256K, 0% used [0x00000000fe080000,0x00000000fe080000,0x0000000100000000)
 ParOldGen       total 476160K, used 280281K [0x00000000d0000000, 0x00000000ed100000, 0x00000000f0000000)
  object space 476160K, 58% used [0x00000000d0000000,0x00000000e11b6760,0x00000000ed100000)
 Metaspace       used 175019K, capacity 191306K, committed 196116K, reserved 1220608K
  class space    used 20015K, capacity 24681K, committed 25660K, reserved 1048576K
Event: 5378.584 GC heap after
Heap after GC invocations=606 (full 106):
 PSYoungGen      total 230400K, used 160K [0x00000000f0000000, 0x0000000100000000, 0x0000000100000000)
  eden space 198144K, 0% used [0x00000000f0000000,0x00000000f0000000,0x00000000fc180000)
  from space 32256K, 0% used [0x00000000fe080000,0x00000000fe0a8000,0x0000000100000000)
  to   space 31744K, 0% used [0x00000000fc180000,0x00000000fc180000,0x00000000fe080000)
 ParOldGen       total 476160K, used 280281K [0x00000000d0000000, 0x00000000ed100000, 0x00000000f0000000)
  object space 476160K, 58% used [0x00000000d0000000,0x00000000e11b6760,0x00000000ed100000)
 Metaspace       used 175019K, capacity 191306K, committed 196116K, reserved 1220608K
  class space    used 20015K, capacity 24681K, committed 25660K, reserved 1048576K
}
Event: 5378.584 GC heap before
{Heap before GC invocations=607 (full 107):
 PSYoungGen      total 230400K, used 160K [0x00000000f0000000, 0x0000000100000000, 0x0000000100000000)
  eden space 198144K, 0% used [0x00000000f0000000,0x00000000f0000000,0x00000000fc180000)
  from space 32256K, 0% used [0x00000000fe080000,0x00000000fe0a8000,0x0000000100000000)
  to   space 31744K, 0% used [0x00000000fc180000,0x00000000fc180000,0x00000000fe080000)
 ParOldGen       total 476160K, used 280281K [0x00000000d0000000, 0x00000000ed100000, 0x00000000f0000000)
  object space 476160K, 58% used [0x00000000d0000000,0x00000000e11b6760,0x00000000ed100000)
 Metaspace       used 175019K, capacity 191306K, committed 196116K, reserved 1220608K
  class space    used 20015K, capacity 24681K, committed 25660K, reserved 1048576K
Event: 5379.005 GC heap after
Heap after GC invocations=607 (full 107):
 PSYoungGen      total 230400K, used 0K [0x00000000f0000000, 0x0000000100000000, 0x0000000100000000)
  eden space 198144K, 0% used [0x00000000f0000000,0x00000000f0000000,0x00000000fc180000)
  from space 32256K, 0% used [0x00000000fe080000,0x00000000fe080000,0x0000000100000000)
  to   space 31744K, 0% used [0x00000000fc180000,0x00000000fc180000,0x00000000fe080000)
 ParOldGen       total 476160K, used 279722K [0x00000000d0000000, 0x00000000ed100000, 0x00000000f0000000)
  object space 476160K, 58% used [0x00000000d0000000,0x00000000e112abb0,0x00000000ed100000)
 Metaspace       used 175003K, capacity 191276K, committed 196116K, reserved 1220608K
  class space    used 20013K, capacity 24676K, committed 25660K, reserved 1048576K
}
Event: 5438.579 GC heap before
{Heap before GC invocations=608 (full 107):
 PSYoungGen      total 230400K, used 7735K [0x00000000f0000000, 0x0000000100000000, 0x0000000100000000)
  eden space 198144K, 3% used [0x00000000f0000000,0x00000000f078dd58,0x00000000fc180000)
  from space 32256K, 0% used [0x00000000fe080000,0x00000000fe080000,0x0000000100000000)
  to   space 31744K, 0% used [0x00000000fc180000,0x00000000fc180000,0x00000000fe080000)
 ParOldGen       total 476160K, used 279722K [0x00000000d0000000, 0x00000000ed100000, 0x00000000f0000000)
  object space 476160K, 58% used [0x00000000d0000000,0x00000000e112abb0,0x00000000ed100000)
 Metaspace       used 175005K, capacity 191276K, committed 196116K, reserved 1220608K
  class space    used 20013K, capacity 24676K, committed 25660K, reserved 1048576K
Event: 5438.584 GC heap after
Heap after GC invocations=608 (full 107):
 PSYoungGen      total 229888K, used 608K [0x00000000f0000000, 0x0000000100000000, 0x0000000100000000)
  eden space 198144K, 0% used [0x00000000f0000000,0x00000000f0000000,0x00000000fc180000)
  from space 31744K, 1% used [0x00000000fc180000,0x00000000fc218000,0x00000000fe080000)
  to   space 30720K, 0% used [0x00000000fe200000,0x00000000fe200000,0x0000000100000000)
 ParOldGen       total 476160K, used 279722K [0x00000000d0000000, 0x00000000ed100000, 0x00000000f0000000)
  object space 476160K, 58% used [0x00000000d0000000,0x00000000e112abb0,0x00000000ed100000)
 Metaspace       used 175005K, capacity 191276K, committed 196116K, reserved 1220608K
  class space    used 20013K, capacity 24676K, committed 25660K, reserved 1048576K
}
Event: 5438.584 GC heap before
{Heap before GC invocations=609 (full 108):
 PSYoungGen      total 229888K, used 608K [0x00000000f0000000, 0x0000000100000000, 0x0000000100000000)
  eden space 198144K, 0% used [0x00000000f0000000,0x00000000f0000000,0x00000000fc180000)
  from space 31744K, 1% used [0x00000000fc180000,0x00000000fc218000,0x00000000fe080000)
  to   space 30720K, 0% used [0x00000000fe200000,0x00000000fe200000,0x0000000100000000)
 ParOldGen       total 476160K, used 279722K [0x00000000d0000000, 0x00000000ed100000, 0x00000000f0000000)
  object space 476160K, 58% used [0x00000000d0000000,0x00000000e112abb0,0x00000000ed100000)
 Metaspace       used 175005K, capacity 191276K, committed 196116K, reserved 1220608K
  class space    used 20013K, capacity 24676K, committed 25660K, reserved 1048576K

